<?xml version="1.0" encoding="UTF-8"?>
<testng-results ignored="0" total="3" passed="3" failed="0" skipped="0">
  <reporter-output>
  </reporter-output>
  <suite started-at="2025-07-13T09:30:37 IST" name="Surefire suite" finished-at="2025-07-13T09:32:14 IST" duration-ms="97714">
    <groups>
      <group name="cucumber">
        <method signature="AbstractTestNGCucumberTests.runScenario(io.cucumber.testng.PickleWrapper,io.cucumber.testng.FeatureWrapper)[pri:0, instance:runner.TestRunner@1d2adfbe]" name="runScenario" class="io.cucumber.testng.AbstractTestNGCucumberTests"/>
      </group> <!-- cucumber -->
    </groups>
    <test started-at="2025-07-13T09:30:37 IST" name="Surefire test" finished-at="2025-07-13T09:32:14 IST" duration-ms="97714">
      <class name="runner.TestRunner">
        <test-method is-config="true" signature="setUpClass(org.testng.ITestContext)[pri:0, instance:runner.TestRunner@1d2adfbe]" started-at="2025-07-13T09:30:37 IST" name="setUpClass" finished-at="2025-07-13T09:30:38 IST" duration-ms="1187" status="PASS">
          <params>
            <param index="0">
              <value>
                <![CDATA[org.testng.TestRunner@7e15f4d4]]>
              </value>
            </param>
          </params>
          <reporter-output>
          </reporter-output>
        </test-method> <!-- setUpClass -->
        <test-method signature="runScenario(io.cucumber.testng.PickleWrapper,io.cucumber.testng.FeatureWrapper)[pri:0, instance:runner.TestRunner@1d2adfbe]" started-at="2025-07-13T09:30:38 IST" name="runScenario" description="Runs Cucumber Scenarios" data-provider="scenarios" finished-at="2025-07-13T09:31:15 IST" duration-ms="36834" status="PASS">
          <params>
            <param index="0">
              <value>
                <![CDATA["Search for Product on Amazon"]]>
              </value>
            </param>
            <param index="1">
              <value>
                <![CDATA["Search functionality on Amazon"]]>
              </value>
            </param>
          </params>
          <reporter-output>
          </reporter-output>
        </test-method> <!-- runScenario -->
        <test-method signature="runScenario(io.cucumber.testng.PickleWrapper,io.cucumber.testng.FeatureWrapper)[pri:0, instance:runner.TestRunner@1d2adfbe]" started-at="2025-07-13T09:31:15 IST" name="runScenario" description="Runs Cucumber Scenarios" data-provider="scenarios" finished-at="2025-07-13T09:31:44 IST" duration-ms="29184" status="PASS">
          <params>
            <param index="0">
              <value>
                <![CDATA["Search for Product on Amazon"]]>
              </value>
            </param>
            <param index="1">
              <value>
                <![CDATA["Search functionality on Amazon"]]>
              </value>
            </param>
          </params>
          <reporter-output>
          </reporter-output>
        </test-method> <!-- runScenario -->
        <test-method signature="runScenario(io.cucumber.testng.PickleWrapper,io.cucumber.testng.FeatureWrapper)[pri:0, instance:runner.TestRunner@1d2adfbe]" started-at="2025-07-13T09:31:44 IST" name="runScenario" description="Runs Cucumber Scenarios" data-provider="scenarios" finished-at="2025-07-13T09:32:14 IST" duration-ms="30356" status="PASS">
          <params>
            <param index="0">
              <value>
                <![CDATA["Search for Product on Amazon"]]>
              </value>
            </param>
            <param index="1">
              <value>
                <![CDATA["Search functionality on Amazon"]]>
              </value>
            </param>
          </params>
          <reporter-output>
          </reporter-output>
        </test-method> <!-- runScenario -->
        <test-method is-config="true" signature="tearDownClass()[pri:0, instance:runner.TestRunner@1d2adfbe]" started-at="2025-07-13T09:32:14 IST" name="tearDownClass" finished-at="2025-07-13T09:32:14 IST" duration-ms="75" status="PASS">
          <reporter-output>
          </reporter-output>
        </test-method> <!-- tearDownClass -->
      </class> <!-- runner.TestRunner -->
    </test> <!-- Surefire test -->
  </suite> <!-- Surefire suite -->
</testng-results>
