<?xml version="1.0" encoding="UTF-8"?>
<testng-results ignored="0" total="3" passed="3" failed="0" skipped="0">
  <reporter-output>
  </reporter-output>
  <suite started-at="2025-07-13T15:19:00 IST" name="Surefire suite" finished-at="2025-07-13T15:21:12 IST" duration-ms="132111">
    <groups>
      <group name="cucumber">
        <method signature="AbstractTestNGCucumberTests.runScenario(io.cucumber.testng.PickleWrapper,io.cucumber.testng.FeatureWrapper)[pri:0, instance:runner.TestRunner@1d2adfbe]" name="runScenario" class="io.cucumber.testng.AbstractTestNGCucumberTests"/>
      </group> <!-- cucumber -->
    </groups>
    <test started-at="2025-07-13T15:19:00 IST" name="Surefire test" finished-at="2025-07-13T15:21:12 IST" duration-ms="132111">
      <class name="runner.TestRunner">
        <test-method is-config="true" signature="setUpClass(org.testng.ITestContext)[pri:0, instance:runner.TestRunner@1d2adfbe]" started-at="2025-07-13T15:19:00 IST" name="setUpClass" finished-at="2025-07-13T15:19:01 IST" duration-ms="1203" status="PASS">
          <params>
            <param index="0">
              <value>
                <![CDATA[org.testng.TestRunner@570a62a5]]>
              </value>
            </param>
          </params>
          <reporter-output>
          </reporter-output>
        </test-method> <!-- setUpClass -->
        <test-method signature="runScenario(io.cucumber.testng.PickleWrapper,io.cucumber.testng.FeatureWrapper)[pri:0, instance:runner.TestRunner@1d2adfbe]" started-at="2025-07-13T15:19:01 IST" name="runScenario" description="Runs Cucumber Scenarios" data-provider="scenarios" finished-at="2025-07-13T15:19:52 IST" duration-ms="50868" status="PASS">
          <params>
            <param index="0">
              <value>
                <![CDATA["Search for Product on Amazon"]]>
              </value>
            </param>
            <param index="1">
              <value>
                <![CDATA["Search functionality on Amazon"]]>
              </value>
            </param>
          </params>
          <reporter-output>
          </reporter-output>
        </test-method> <!-- runScenario -->
        <test-method signature="runScenario(io.cucumber.testng.PickleWrapper,io.cucumber.testng.FeatureWrapper)[pri:0, instance:runner.TestRunner@1d2adfbe]" started-at="2025-07-13T15:19:52 IST" name="runScenario" description="Runs Cucumber Scenarios" data-provider="scenarios" finished-at="2025-07-13T15:20:46 IST" duration-ms="53514" status="PASS">
          <params>
            <param index="0">
              <value>
                <![CDATA["Search for Product on Amazon"]]>
              </value>
            </param>
            <param index="1">
              <value>
                <![CDATA["Search functionality on Amazon"]]>
              </value>
            </param>
          </params>
          <reporter-output>
          </reporter-output>
        </test-method> <!-- runScenario -->
        <test-method signature="runScenario(io.cucumber.testng.PickleWrapper,io.cucumber.testng.FeatureWrapper)[pri:0, instance:runner.TestRunner@1d2adfbe]" started-at="2025-07-13T15:20:46 IST" name="runScenario" description="Runs Cucumber Scenarios" data-provider="scenarios" finished-at="2025-07-13T15:21:12 IST" duration-ms="26368" status="PASS">
          <params>
            <param index="0">
              <value>
                <![CDATA["Search for Product on Amazon"]]>
              </value>
            </param>
            <param index="1">
              <value>
                <![CDATA["Search functionality on Amazon"]]>
              </value>
            </param>
          </params>
          <reporter-output>
          </reporter-output>
        </test-method> <!-- runScenario -->
        <test-method is-config="true" signature="tearDownClass()[pri:0, instance:runner.TestRunner@1d2adfbe]" started-at="2025-07-13T15:21:12 IST" name="tearDownClass" finished-at="2025-07-13T15:21:12 IST" duration-ms="65" status="PASS">
          <reporter-output>
          </reporter-output>
        </test-method> <!-- tearDownClass -->
      </class> <!-- runner.TestRunner -->
    </test> <!-- Surefire test -->
  </suite> <!-- Surefire suite -->
</testng-results>
